{
  "RSpec": {
    "coverage": {
      "/Users/tim/Documents/Projects/MakersAcademy/Battle/app.rb": [
        1,
        1,
        null,
        1,
        1,
        null,
        null,
        1,
        8,
        null,
        null,
        1,
        8,
        8,
        null,
        null,
        1,
        22,
        null,
        22,
        null,
        11,
        null,
        3,
        null,
        22,
        null,
        21,
        null,
        null,
        1,
        1,
        null,
        null,
        null,
        1,
        null
      ],
      "/Users/tim/Documents/Projects/MakersAcademy/Battle/lib/game.rb": [
        1,
        null,
        1,
        1,
        null,
        1,
        null,
        19,
        19,
        null,
        null,
        1,
        17,
        17,
        null,
        null,
        1,
        203,
        null,
        null,
        1,
        17,
        17,
        17,
        null,
        null,
        1,
        18,
        null,
        null,
        1,
        75,
        null,
        null,
        1,
        22,
        null,
        null,
        1,
        22,
        null,
        null,
        1,
        43,
        null,
        null,
        1,
        14,
        null,
        null
      ],
      "/Users/tim/Documents/Projects/MakersAcademy/Battle/lib/player.rb": [
        1,
        1,
        1,
        20,
        20,
        20,
        null,
        null,
        1,
        15,
        null,
        null,
        null
      ],
      "/Users/tim/Documents/Projects/MakersAcademy/Battle/spec/features/web_helpers.rb": [
        1,
        8,
        8,
        8,
        8,
        null
      ],
      "/Users/tim/Documents/Projects/MakersAcademy/Battle/spec/features/features_spec.rb": [
        null,
        null,
        null,
        null,
        null,
        null,
        null,
        1,
        1,
        1,
        1,
        null,
        null,
        null,
        1,
        1,
        1,
        1,
        null,
        null,
        null,
        1,
        1,
        1,
        1,
        null,
        1,
        1,
        1,
        1,
        null,
        null,
        null,
        1,
        1,
        1,
        1,
        1,
        null,
        1,
        1,
        1,
        1,
        null,
        1,
        1,
        1,
        1,
        null,
        null,
        null,
        1,
        1,
        1,
        11,
        1,
        null,
        null
      ],
      "/Users/tim/Documents/Projects/MakersAcademy/Battle/spec/game_spec.rb": [
        1,
        null,
        1,
        3,
        2,
        12,
        12,
        null,
        12,
        null,
        1,
        1,
        1,
        1,
        null,
        null,
        1,
        1,
        1,
        null,
        null,
        1,
        1,
        1,
        null,
        null,
        1,
        1,
        1,
        1,
        null,
        null,
        1,
        null,
        1,
        1,
        null,
        null,
        1,
        1,
        1,
        null,
        1,
        1,
        1,
        null,
        1,
        1,
        null,
        1,
        1,
        null,
        null,
        1,
        1,
        1,
        null,
        1,
        1,
        1,
        null,
        null,
        null
      ],
      "/Users/tim/Documents/Projects/MakersAcademy/Battle/spec/player_spec.rb": [
        1,
        null,
        1,
        5,
        1,
        null,
        1,
        1,
        1,
        null,
        null,
        1,
        1,
        1,
        null,
        null,
        1,
        1,
        4,
        null,
        null,
        1,
        1,
        1,
        null,
        null,
        null
      ]
    },
    "timestamp": 1512664974
  }
}
