{
  "RSpec": {
    "coverage": {
      "/Users/tom/makersacademy/projects/week3/Battle/app.rb": [
        1,
        1,
        null,
        1,
        1,
        null,
        null,
        1,
        7,
        null,
        null,
        1,
        7,
        7,
        null,
        null,
        1,
        11,
        11,
        11,
        null,
        11,
        null,
        1,
        null,
        3,
        null,
        11,
        11,
        11,
        null,
        null,
        1,
        null
      ],
      "/Users/tom/makersacademy/projects/week3/Battle/lib/game.rb": [
        1,
        null,
        1,
        1,
        null,
        1,
        null,
        16,
        16,
        null,
        null,
        1,
        7,
        7,
        null,
        null,
        1,
        147,
        null,
        null,
        1,
        7,
        7,
        7,
        null,
        null,
        1,
        8,
        null,
        null,
        1,
        12,
        null,
        null,
        1,
        12,
        null,
        null,
        1,
        23,
        null,
        null,
        1,
        5,
        null,
        null
      ],
      "/Users/tom/makersacademy/projects/week3/Battle/lib/player.rb": [
        1,
        1,
        1,
        18,
        18,
        18,
        null,
        null,
        1,
        5,
        null,
        null,
        null
      ],
      "/Users/tom/makersacademy/projects/week3/Battle/spec/features/web_helpers.rb": [
        1,
        7,
        7,
        7,
        7,
        null
      ],
      "/Users/tom/makersacademy/projects/week3/Battle/spec/features/features_spec.rb": [
        null,
        null,
        null,
        null,
        null,
        null,
        null,
        1,
        1,
        1,
        1,
        null,
        null,
        null,
        1,
        1,
        1,
        1,
        null,
        null,
        null,
        1,
        1,
        1,
        1,
        null,
        1,
        1,
        1,
        1,
        null,
        null,
        null,
        1,
        1,
        1,
        1,
        1,
        null,
        1,
        1,
        1,
        1,
        null,
        1,
        1,
        1,
        1,
        null,
        null
      ],
      "/Users/tom/makersacademy/projects/week3/Battle/spec/game_spec.rb": [
        1,
        null,
        1,
        3,
        2,
        10,
        10,
        null,
        10,
        null,
        1,
        1,
        1,
        1,
        null,
        null,
        1,
        1,
        1,
        null,
        null,
        1,
        1,
        1,
        null,
        null,
        1,
        1,
        1,
        1,
        null,
        null,
        1,
        null,
        1,
        1,
        null,
        null,
        1,
        1,
        1,
        null,
        1,
        1,
        1,
        null,
        1,
        1,
        null,
        1,
        1,
        null,
        null,
        null,
        null
      ],
      "/Users/tom/makersacademy/projects/week3/Battle/spec/player_spec.rb": [
        1,
        null,
        1,
        5,
        1,
        null,
        1,
        1,
        1,
        null,
        null,
        1,
        1,
        1,
        null,
        null,
        1,
        1,
        4,
        null,
        null,
        1,
        1,
        1,
        null,
        null,
        null
      ]
    },
    "timestamp": 1512661979
  }
}
